0 info it worked if it ends with ok
1 verbose cli [ 'C:\\Program Files\\nodejs\\\\node.exe',
1 verbose cli   'C:\\Program Files\\nodejs\\node_modules\\npm\\bin\\npm-cli.js',
1 verbose cli   'install',
1 verbose cli   '--save-dev',
1 verbose cli   'gul-awspublish-router' ]
2 info using npm@1.4.28
3 info using node@v0.10.35
4 verbose node symlink C:\Program Files\nodejs\\node.exe
5 warn package.json __APP_NAME_DASHED__-client@0.1.0 No repository field.
6 warn package.json systemjs-builder@0.4.5 No repository field.
7 warn package.json path@0.4.10 path is also the name of a node core module.
8 verbose readDependencies using package.json deps
9 verbose cache add [ 'gul-awspublish-router', null ]
10 verbose cache add name=undefined spec="gul-awspublish-router" args=["gul-awspublish-router",null]
11 verbose parsed url { protocol: null,
11 verbose parsed url   slashes: null,
11 verbose parsed url   auth: null,
11 verbose parsed url   host: null,
11 verbose parsed url   port: null,
11 verbose parsed url   hostname: null,
11 verbose parsed url   hash: null,
11 verbose parsed url   search: null,
11 verbose parsed url   query: null,
11 verbose parsed url   pathname: 'gul-awspublish-router',
11 verbose parsed url   path: 'gul-awspublish-router',
11 verbose parsed url   href: 'gul-awspublish-router' }
12 silly lockFile 206db09b-gul-awspublish-router gul-awspublish-router
13 verbose lock gul-awspublish-router C:\Users\Brett\AppData\Roaming\npm-cache\206db09b-gul-awspublish-router.lock
14 silly lockFile 206db09b-gul-awspublish-router gul-awspublish-router
15 silly lockFile 206db09b-gul-awspublish-router gul-awspublish-router
16 verbose addNamed [ 'gul-awspublish-router', '' ]
17 verbose addNamed [ null, '*' ]
18 silly lockFile 0b29c7d1-gul-awspublish-router gul-awspublish-router@
19 verbose lock gul-awspublish-router@ C:\Users\Brett\AppData\Roaming\npm-cache\0b29c7d1-gul-awspublish-router.lock
20 silly addNameRange { name: 'gul-awspublish-router', range: '*', hasData: false }
21 verbose request where is /gul-awspublish-router
22 verbose request registry https://registry.npmjs.org/
23 verbose request id 2b0d0f3aef31e87e
24 verbose url raw /gul-awspublish-router
25 verbose url resolving [ 'https://registry.npmjs.org/', './gul-awspublish-router' ]
26 verbose url resolved https://registry.npmjs.org/gul-awspublish-router
27 verbose request where is https://registry.npmjs.org/gul-awspublish-router
28 info trying registry request attempt 1 at 11:42:07
29 http GET https://registry.npmjs.org/gul-awspublish-router
30 http 404 https://registry.npmjs.org/gul-awspublish-router
31 verbose headers { date: 'Fri, 30 Jan 2015 19:42:05 GMT',
31 verbose headers   server: 'CouchDB/1.6.1 (Erlang OTP/R14B04)',
31 verbose headers   'content-type': 'application/json',
31 verbose headers   'cache-control': 'max-age=0',
31 verbose headers   'content-length': '52',
31 verbose headers   'accept-ranges': 'bytes',
31 verbose headers   via: '1.1 varnish',
31 verbose headers   age: '0',
31 verbose headers   'x-served-by': 'cache-lax1421-LAX',
31 verbose headers   'x-cache': 'MISS',
31 verbose headers   'x-cache-hits': '0',
31 verbose headers   'x-timer': 'S1422646925.315384,VS0,VE81',
31 verbose headers   'keep-alive': 'timeout=10, max=50',
31 verbose headers   connection: 'Keep-Alive' }
32 silly registry.get cb [ 404,
32 silly registry.get   { date: 'Fri, 30 Jan 2015 19:42:05 GMT',
32 silly registry.get     server: 'CouchDB/1.6.1 (Erlang OTP/R14B04)',
32 silly registry.get     'content-type': 'application/json',
32 silly registry.get     'cache-control': 'max-age=0',
32 silly registry.get     'content-length': '52',
32 silly registry.get     'accept-ranges': 'bytes',
32 silly registry.get     via: '1.1 varnish',
32 silly registry.get     age: '0',
32 silly registry.get     'x-served-by': 'cache-lax1421-LAX',
32 silly registry.get     'x-cache': 'MISS',
32 silly registry.get     'x-cache-hits': '0',
32 silly registry.get     'x-timer': 'S1422646925.315384,VS0,VE81',
32 silly registry.get     'keep-alive': 'timeout=10, max=50',
32 silly registry.get     connection: 'Keep-Alive' } ]
33 silly lockFile 0b29c7d1-gul-awspublish-router gul-awspublish-router@
34 silly lockFile 0b29c7d1-gul-awspublish-router gul-awspublish-router@
35 error 404 404 Not Found: gul-awspublish-router
35 error 404
35 error 404 'gul-awspublish-router' is not in the npm registry.
35 error 404 You should bug the author to publish it
35 error 404 It was specified as a dependency of '__APP_NAME_DASHED__-client'
35 error 404
35 error 404 Note that you can also install from a
35 error 404 tarball, folder, or http url, or git url.
36 error System Windows_NT 6.2.9200
37 error command "C:\\Program Files\\nodejs\\\\node.exe" "C:\\Program Files\\nodejs\\node_modules\\npm\\bin\\npm-cli.js" "install" "--save-dev" "gul-awspublish-router"
38 error cwd C:\Users\Brett\Projects\angular-starter
39 error node -v v0.10.35
40 error npm -v 1.4.28
41 error code E404
42 verbose exit [ 1, true ]
